#
# A fatal error has been detected by the Java Runtime Environment:
#
#  SIGSEGV (0xb) at pc=0x000000012438058d, pid=1103, tid=1299
#
# JRE version: Java(TM) SE Runtime Environment (8.0_45-b14) (build 1.8.0_45-b14)
# Java VM: Java HotSpot(TM) 64-Bit Server VM (25.45-b02 mixed mode bsd-amd64 compressed oops)
# Problematic frame:
# C  [libglass.dylib+0x1558d]  GlassScreenDidChangeScreenParameters+0x9d
#
# Failed to write core dump. Core dumps have been disabled. To enable core dumping, try "ulimit -c unlimited" before starting Java again
#
# If you would like to submit a bug report, please visit:
#   http://bugreport.java.com/bugreport/crash.jsp
#

---------------  T H R E A D  ---------------

Current thread is native thread

siginfo: si_signo: 11 (SIGSEGV), si_code: 1 (SEGV_MAPERR), si_addr: 0x0000000000000000

Registers:
RAX=0x00000001243b2bc0, RBX=0x0000000000000000, RCX=0xa0000aa7287430f5, RDX=0x00007ffc41c6f320
RSP=0x00007fff55c228c0, RBP=0x00007fff55c228d0, RSI=0x00007ffc41f06a18, RDI=0x0000000000000000
R8 =0x00007fff55c22770, R9 =0x00007fff7b6df300, R10=0x0000000000000000, R11=0x0000000000000246
R12=0x00007ffc41f07580, R13=0x00000000000f426a, R14=0x00007ffc41e84530, R15=0x00007fff55c22a10
RIP=0x000000012438058d, EFLAGS=0x0000000000010202, ERR=0x0000000000000004
  TRAPNO=0x000000000000000e

Top of Stack: (sp=0x00007fff55c228c0)
0x00007fff55c228c0:   00007fff55c22aa0 00007ffc41e84530
0x00007fff55c228d0:   00007fff55c228e0 00007fff9233545c
0x00007fff55c228e0:   00007fff55c22c40 00007fff92225634
0x00007fff55c228f0:   00007fff55c22940 0000000000001e00
0x00007fff55c22900:   00007fff7b482ed0 00007ffc4436cb50
0x00007fff55c22910:   0000000000001003 0000000000000900
0x00007fff55c22920:   00007ffc4436cb50 00007ffc41e84530
0x00007fff55c22930:   0000000000000000 00007fff55c22a10
0x00007fff55c22940:   0000000000000000 00007ffc41e84620
0x00007fff55c22950:   00007fff55c22a90 0000000000000060
0x00007fff55c22960:   00000000000f4331 00007ffc44403bb0
0x00007fff55c22970:   00007ffc41e66c70 00007ffc41f07580
0x00007fff55c22980:   0000000000000001 00000000000f426a
0x00007fff55c22990:   00007ffc41f07570 00007fff98239acb
0x00007fff55c229a0:   0000000000000001 0000000000000001
0x00007fff55c229b0:   0000000000000030 0000000000000001
0x00007fff55c229c0:   00007fff55c229e0 00007fff9823f231
0x00007fff55c229d0:   00007fff7b480fb0 0000000000000000
0x00007fff55c229e0:   00007fff55c22a00 0000000000000018
0x00007fff55c229f0:   000b71034210e000 00007ffc41f075a4
0x00007fff55c22a00:   0000000000000000 00007fff9221b10f
0x00007fff55c22a10:   00007ffc41e84530 00007fff7b480fb0
0x00007fff55c22a20:   00007fff55c22aa0 00007fff92223c3f
0x00007fff55c22a30:   00007fff55c22aac 00007fff55c22ab0
0x00007fff55c22a40:   0000000109ff8a00 0000000000000002
0x00007fff55c22a50:   0000000109ff5000 00007ffc41f38eb2
0x00007fff55c22a60:   0000000000000003 0000000109ffa800
0x00007fff55c22a70:   00007fff55c22b60 00007fff982382a2
0x00007fff55c22a80:   00007ffc41e66800 00007fff55c22c48
0x00007fff55c22a90:   0000000000000017 0000000000000000
0x00007fff55c22aa0:   00000000000f426a 00007fff9221b403
0x00007fff55c22ab0:   00007fff00000000 00007ffc41d50100 

Instructions: (pc=0x000000012438058d)
0x000000012438056d:   89 df 4c 89 f1 41 ff 90 68 04 00 00 48 8d 05 48
0x000000012438057d:   25 03 00 48 8b 30 48 8d 05 36 26 03 00 48 8b 10
0x000000012438058d:   48 8b 0b 30 c0 48 89 df ff 91 68 04 00 00 48 8b
0x000000012438059d:   03 48 89 df ff 50 78 48 85 c0 74 36 49 89 c6 48 

Register to memory mapping:

RAX=0x00000001243b2bc0: jScreenNotifySettingsChanged+0 in /Library/Java/JavaVirtualMachines/jdk1.8.0_45.jdk/Contents/Home/jre/lib/libglass.dylib at 0x000000012436b000
RBX=0x0000000000000000 is an unknown value
RCX=0xa0000aa7287430f5 is an unknown value
RDX=0x00007ffc41c6f320 is an unknown value
RSP=0x00007fff55c228c0 is an unknown value
RBP=0x00007fff55c228d0 is an unknown value
RSI=0x00007ffc41f06a18 is a global jni handle
RDI=0x0000000000000000 is an unknown value
R8 =0x00007fff55c22770 is an unknown value
R9 =0x00007fff7b6df300: _thread+0 in /usr/lib/system/libsystem_pthread.dylib at 0x00007fff9357b000
R10=0x0000000000000000 is an unknown value
R11=0x0000000000000246 is an unknown value
R12=0x00007ffc41f07580 is an unknown value
R13=0x00000000000f426a is an unknown value
R14=0x00007ffc41e84530 is an unknown value
R15=0x00007fff55c22a10 is an unknown value


Stack: [0x00007fff55426000,0x00007fff55c26000],  sp=0x00007fff55c228c0,  free space=8178k
Native frames: (J=compiled Java code, j=interpreted, Vv=VM code, C=native code)
C  [libglass.dylib+0x1558d]  GlassScreenDidChangeScreenParameters+0x9d
C  [CoreFoundation+0x12045c]  __CFNOTIFICATIONCENTER_IS_CALLING_OUT_TO_AN_OBSERVER__+0xc
C  [CoreFoundation+0x10634]  _CFXNotificationPost+0xc44
C  [Foundation+0x79d1]  -[NSNotificationCenter postNotificationName:object:userInfo:]+0x42
C  [AppKit+0x40df7e]  -[NSApplication _reactToScreenInvalidationImmediately:]+0x17b
C  [AppKit+0x40ddc7]  __44-[NSApplication _reactToScreenInvalidation:]_block_invoke+0x4b
C  [CoreFoundation+0x808ec]  __CFRUNLOOP_IS_CALLING_OUT_TO_A_BLOCK__+0xc
C  [CoreFoundation+0x729f5]  __CFRunLoopDoBlocks+0x155
C  [CoreFoundation+0x72536]  __CFRunLoopRun+0x716
C  [CoreFoundation+0x71bd8]  CFRunLoopRunSpecific+0x128
C  [java+0x6490]  CreateExecutionEnvironment+0x367
C  [java+0x221c]  JLI_Launch+0x7a0
C  [java+0x84ed]  main+0x65
C  [java+0x1a74]  start+0x34


---------------  P R O C E S S  ---------------

VM state:at safepoint (normal execution)

VM Mutex/Monitor currently owned by a thread:  ([mutex/lock_event])
[0x00007ffc41c06190] Threads_lock - owner thread: 0x00007ffc4200a800
[0x00007ffc41c06690] Heap_lock - owner thread: 0x00007ffc4287d000

Heap:
 PSYoungGen      total 38400K, used 11439K [0x0000000795580000, 0x000000079ac80000, 0x00000007c0000000)
  eden space 33280K, 19% used [0x0000000795580000,0x0000000795bafc60,0x0000000797600000)
  from space 5120K, 99% used [0x0000000797600000,0x0000000797afc030,0x0000000797b00000)
  to   space 11264K, 0% used [0x000000079a180000,0x000000079a180000,0x000000079ac80000)
 ParOldGen       total 87552K, used 9670K [0x0000000740000000, 0x0000000745580000, 0x0000000795580000)
  object space 87552K, 11% used [0x0000000740000000,0x00000007409718f8,0x0000000745580000)
 Metaspace       used 20110K, capacity 21072K, committed 21248K, reserved 1067008K
  class space    used 2784K, capacity 2999K, committed 3072K, reserved 1048576K

Card table byte_map: [0x000000011adc0000,0x000000011b1c1000] byte_map_base: 0x00000001173c0000

Marking Bits: (ParMarkBitMap*) 0x000000010a99b7a0
 Begin Bits: [0x000000011b878000, 0x000000011d878000)
 End Bits:   [0x000000011d878000, 0x000000011f878000)

Polling page: 0x000000010b19f000

CodeCache: size=245760Kb used=13696Kb max_used=13696Kb free=232063Kb
 bounds [0x000000010ba00000, 0x000000010c780000, 0x000000011aa00000]
 total_blobs=4910 nmethods=4235 adapters=587
 compilation: enabled

Compilation events (10 events):
Event: 67.585 Thread 0x00007ffc4301b800 4556       1       javafx.scene.layout.Region::snappedLeftInset (5 bytes)
Event: 67.586 Thread 0x00007ffc4301b800 nmethod 4556 0x000000010bf6e550 code [0x000000010bf6e6a0, 0x000000010bf6e7b0]
Event: 67.588 Thread 0x00007ffc4301b800 4557       3       javafx.scene.Node::isMouseTransparent (19 bytes)
Event: 67.589 Thread 0x00007ffc4301b800 nmethod 4557 0x000000010bf6dd10 code [0x000000010bf6dea0, 0x000000010bf6e3a8]
Event: 68.747 Thread 0x00007ffc4301b800 4558       3       javafx.scene.Node::getLayoutX (19 bytes)
Event: 68.747 Thread 0x00007ffc4301b800 nmethod 4558 0x000000010bf6d690 code [0x000000010bf6d820, 0x000000010bf6dbe8]
Event: 69.029 Thread 0x00007ffc4301b800 4559       3       javafx.scene.Scene::getFocusOwner (11 bytes)
Event: 69.029 Thread 0x00007ffc4301b800 nmethod 4559 0x000000010bf6cf90 code [0x000000010bf6d120, 0x000000010bf6d568]
Event: 69.042 Thread 0x00007ffc4301b800 4560       3       java.lang.Class::checkMemberAccess (49 bytes)
Event: 69.043 Thread 0x00007ffc4301b800 nmethod 4560 0x000000010bf6c6d0 code [0x000000010bf6c880, 0x000000010bf6cdd8]

GC Heap History (10 events):
Event: 1.343 GC heap before
{Heap before GC invocations=1 (full 0):
 PSYoungGen      total 38400K, used 33280K [0x0000000795580000, 0x0000000798000000, 0x00000007c0000000)
  eden space 33280K, 100% used [0x0000000795580000,0x0000000797600000,0x0000000797600000)
  from space 5120K, 0% used [0x0000000797b00000,0x0000000797b00000,0x0000000798000000)
  to   space 5120K, 0% used [0x0000000797600000,0x0000000797600000,0x0000000797b00000)
 ParOldGen       total 87552K, used 0K [0x0000000740000000, 0x0000000745580000, 0x0000000795580000)
  object space 87552K, 0% used [0x0000000740000000,0x0000000740000000,0x0000000745580000)
 Metaspace       used 12463K, capacity 12894K, committed 13184K, reserved 1060864K
  class space    used 1750K, capacity 1864K, committed 1920K, reserved 1048576K
Event: 1.351 GC heap after
Heap after GC invocations=1 (full 0):
 PSYoungGen      total 38400K, used 4208K [0x0000000795580000, 0x0000000798000000, 0x00000007c0000000)
  eden space 33280K, 0% used [0x0000000795580000,0x0000000795580000,0x0000000797600000)
  from space 5120K, 82% used [0x0000000797600000,0x0000000797a1c030,0x0000000797b00000)
  to   space 5120K, 0% used [0x0000000797b00000,0x0000000797b00000,0x0000000798000000)
 ParOldGen       total 87552K, used 72K [0x0000000740000000, 0x0000000745580000, 0x0000000795580000)
  object space 87552K, 0% used [0x0000000740000000,0x0000000740012010,0x0000000745580000)
 Metaspace       used 12463K, capacity 12894K, committed 13184K, reserved 1060864K
  class space    used 1750K, capacity 1864K, committed 1920K, reserved 1048576K
}
Event: 24.443 GC heap before
{Heap before GC invocations=2 (full 0):
 PSYoungGen      total 38400K, used 37488K [0x0000000795580000, 0x0000000798000000, 0x00000007c0000000)
  eden space 33280K, 100% used [0x0000000795580000,0x0000000797600000,0x0000000797600000)
  from space 5120K, 82% used [0x0000000797600000,0x0000000797a1c030,0x0000000797b00000)
  to   space 5120K, 0% used [0x0000000797b00000,0x0000000797b00000,0x0000000798000000)
 ParOldGen       total 87552K, used 72K [0x0000000740000000, 0x0000000745580000, 0x0000000795580000)
  object space 87552K, 0% used [0x0000000740000000,0x0000000740012010,0x0000000745580000)
 Metaspace       used 19225K, capacity 20094K, committed 20224K, reserved 1067008K
  class space    used 2756K, capacity 2946K, committed 3072K, reserved 1048576K
Event: 24.460 GC heap after
Heap after GC invocations=2 (full 0):
 PSYoungGen      total 38400K, used 5104K [0x0000000795580000, 0x0000000798000000, 0x00000007c0000000)
  eden space 33280K, 0% used [0x0000000795580000,0x0000000795580000,0x0000000797600000)
  from space 5120K, 99% used [0x0000000797b00000,0x0000000797ffc050,0x0000000798000000)
  to   space 5120K, 0% used [0x0000000797600000,0x0000000797600000,0x0000000797b00000)
 ParOldGen       total 87552K, used 6549K [0x0000000740000000, 0x0000000745580000, 0x0000000795580000)
  object space 87552K, 7% used [0x0000000740000000,0x00000007406655a8,0x0000000745580000)
 Metaspace       used 19225K, capacity 20094K, committed 20224K, reserved 1067008K
  class space    used 2756K, capacity 2946K, committed 3072K, reserved 1048576K
}
Event: 25.121 GC heap before
{Heap before GC invocations=3 (full 0):
 PSYoungGen      total 38400K, used 38384K [0x0000000795580000, 0x0000000798000000, 0x00000007c0000000)
  eden space 33280K, 100% used [0x0000000795580000,0x0000000797600000,0x0000000797600000)
  from space 5120K, 99% used [0x0000000797b00000,0x0000000797ffc050,0x0000000798000000)
  to   space 5120K, 0% used [0x0000000797600000,0x0000000797600000,0x0000000797b00000)
 ParOldGen       total 87552K, used 6554K [0x0000000740000000, 0x0000000745580000, 0x0000000795580000)
  object space 87552K, 7% used [0x0000000740000000,0x0000000740666aa8,0x0000000745580000)
 Metaspace       used 19658K, capacity 20558K, committed 20736K, reserved 1067008K
  class space    used 2758K, capacity 2948K, committed 3072K, reserved 1048576K
Event: 25.137 GC heap after
Heap after GC invocations=3 (full 0):
 PSYoungGen      total 38400K, used 5088K [0x0000000795580000, 0x0000000798000000, 0x00000007c0000000)
  eden space 33280K, 0% used [0x0000000795580000,0x0000000795580000,0x0000000797600000)
  from space 5120K, 99% used [0x0000000797600000,0x0000000797af8020,0x0000000797b00000)
  to   space 5120K, 0% used [0x0000000797b00000,0x0000000797b00000,0x0000000798000000)
 ParOldGen       total 87552K, used 8710K [0x0000000740000000, 0x0000000745580000, 0x0000000795580000)
  object space 87552K, 9% used [0x0000000740000000,0x0000000740881b18,0x0000000745580000)
 Metaspace       used 19658K, capacity 20558K, committed 20736K, reserved 1067008K
  class space    used 2758K, capacity 2948K, committed 3072K, reserved 1048576K
}
Event: 25.638 GC heap before
{Heap before GC invocations=4 (full 0):
 PSYoungGen      total 38400K, used 38368K [0x0000000795580000, 0x0000000798000000, 0x00000007c0000000)
  eden space 33280K, 100% used [0x0000000795580000,0x0000000797600000,0x0000000797600000)
  from space 5120K, 99% used [0x0000000797600000,0x0000000797af8020,0x0000000797b00000)
  to   space 5120K, 0% used [0x0000000797b00000,0x0000000797b00000,0x0000000798000000)
 ParOldGen       total 87552K, used 8715K [0x0000000740000000, 0x0000000745580000, 0x0000000795580000)
  object space 87552K, 9% used [0x0000000740000000,0x0000000740882fe0,0x0000000745580000)
 Metaspace       used 19718K, capacity 20622K, committed 20992K, reserved 1067008K
  class space    used 2760K, capacity 2948K, committed 3072K, reserved 1048576K
Event: 25.652 GC heap after
Heap after GC invocations=4 (full 0):
 PSYoungGen      total 38400K, used 5104K [0x0000000795580000, 0x000000079a080000, 0x00000007c0000000)
  eden space 33280K, 0% used [0x0000000795580000,0x0000000795580000,0x0000000797600000)
  from space 5120K, 99% used [0x0000000797b00000,0x0000000797ffc030,0x0000000798000000)
  to   space 5120K, 0% used [0x0000000797600000,0x0000000797600000,0x0000000797b00000)
 ParOldGen       total 87552K, used 8987K [0x0000000740000000, 0x0000000745580000, 0x0000000795580000)
  object space 87552K, 10% used [0x0000000740000000,0x00000007408c6fe0,0x0000000745580000)
 Metaspace       used 19718K, capacity 20622K, committed 20992K, reserved 1067008K
  class space    used 2760K, capacity 2948K, committed 3072K, reserved 1048576K
}
Event: 29.352 GC heap before
{Heap before GC invocations=5 (full 0):
 PSYoungGen      total 38400K, used 38384K [0x0000000795580000, 0x000000079a080000, 0x00000007c0000000)
  eden space 33280K, 100% used [0x0000000795580000,0x0000000797600000,0x0000000797600000)
  from space 5120K, 99% used [0x0000000797b00000,0x0000000797ffc030,0x0000000798000000)
  to   space 5120K, 0% used [0x0000000797600000,0x0000000797600000,0x0000000797b00000)
 ParOldGen       total 87552K, used 8990K [0x0000000740000000, 0x0000000745580000, 0x0000000795580000)
  object space 87552K, 10% used [0x0000000740000000,0x00000007408c78f8,0x0000000745580000)
 Metaspace       used 19870K, capacity 20706K, committed 20992K, reserved 1067008K
  class space    used 2765K, capacity 2950K, committed 3072K, reserved 1048576K
Event: 29.373 GC heap after
Heap after GC invocations=5 (full 0):
 PSYoungGen      total 38400K, used 5104K [0x0000000795580000, 0x000000079ac80000, 0x00000007c0000000)
  eden space 33280K, 0% used [0x0000000795580000,0x0000000795580000,0x0000000797600000)
  from space 5120K, 99% used [0x0000000797600000,0x0000000797afc030,0x0000000797b00000)
  to   space 11264K, 0% used [0x000000079a180000,0x000000079a180000,0x000000079ac80000)
 ParOldGen       total 87552K, used 9670K [0x0000000740000000, 0x0000000745580000, 0x0000000795580000)
  object space 87552K, 11% used [0x0000000740000000,0x00000007409718f8,0x0000000745580000)
 Metaspace       used 19870K, capacity 20706K, committed 20992K, reserved 1067008K
  class space    used 2765K, capacity 2950K, committed 3072K, reserved 1048576K
}

Deoptimization events (10 events):
Event: 35.828 Thread 0x00007ffc4287d000 Uncommon trap: reason=unstable_if action=reinterpret pc=0x000000010c673c10 method=com.sun.javafx.sg.prism.NGNode.getEffect()Lcom/sun/scenario/effect/Effect; @ 4
Event: 36.755 Thread 0x00007ffc431dc000 Uncommon trap: reason=bimorphic action=maybe_recompile pc=0x000000010c749cb4 method=javafx.scene.Node.impl_pickNode(Lcom/sun/javafx/geom/PickRay;Lcom/sun/javafx/scene/input/PickResultChooser;)V @ 82
Event: 36.755 Thread 0x00007ffc431dc000 Uncommon trap: reason=bimorphic action=maybe_recompile pc=0x000000010bb0eb88 method=javafx.scene.Node.impl_pickNode(Lcom/sun/javafx/geom/PickRay;Lcom/sun/javafx/scene/input/PickResultChooser;)V @ 82
Event: 36.756 Thread 0x00007ffc431dc000 Uncommon trap: reason=bimorphic action=maybe_recompile pc=0x000000010bb0eb88 method=javafx.scene.Node.impl_pickNode(Lcom/sun/javafx/geom/PickRay;Lcom/sun/javafx/scene/input/PickResultChooser;)V @ 82
Event: 36.756 Thread 0x00007ffc431dc000 Uncommon trap: reason=bimorphic action=maybe_recompile pc=0x000000010bb0eb88 method=javafx.scene.Node.impl_pickNode(Lcom/sun/javafx/geom/PickRay;Lcom/sun/javafx/scene/input/PickResultChooser;)V @ 82
Event: 36.768 Thread 0x00007ffc431dc000 Uncommon trap: reason=bimorphic action=maybe_recompile pc=0x000000010c749cb4 method=javafx.scene.Node.impl_pickNode(Lcom/sun/javafx/geom/PickRay;Lcom/sun/javafx/scene/input/PickResultChooser;)V @ 82
Event: 67.427 Thread 0x00007ffc431dc000 Uncommon trap: reason=unstable_if action=reinterpret pc=0x000000010bd959f4 method=javafx.scene.Node$MiscProperties.isMouseTransparent()Z @ 4
Event: 67.443 Thread 0x00007ffc4287d000 Uncommon trap: reason=unstable_if action=reinterpret pc=0x000000010c46e5f4 method=com.sun.javafx.geom.transform.Identity.transform(Lcom/sun/javafx/geom/BaseBounds;Lcom/sun/javafx/geom/BaseBounds;)Lcom/sun/javafx/geom/BaseBounds; @ 2
Event: 69.029 Thread 0x00007ffc431dc000 Uncommon trap: reason=unstable_if action=reinterpret pc=0x000000010c73ad10 method=com.sun.javafx.tk.quantum.QuantumToolkit.runWithoutRenderLock(Ljava/util/function/Supplier;)Ljava/lang/Object; @ 8
Event: 69.052 Thread 0x00007ffc431dc000 Uncommon trap: reason=unstable_if action=reinterpret pc=0x000000010c730064 method=java.util.concurrent.locks.ReentrantLock$Sync.tryRelease(I)Z @ 28

Internal exceptions (10 events):
Event: 1.313 Thread 0x00007ffc431dc000 Exception <a 'java/lang/ArrayIndexOutOfBoundsException'> (0x000000079751f8c0) thrown at [/Users/java_re/workspace/8-2-build-macosx-x86_64/jdk8u45/3457/hotspot/src/share/vm/runtime/sharedRuntime.cpp, line 605]
Event: 1.359 Thread 0x00007ffc431dc000 Implicit null exception at 0x000000010bc720b5 to 0x000000010bc722ad
Event: 1.359 Thread 0x00007ffc431dc000 Implicit null exception at 0x000000010bd3c87b to 0x000000010bd3d295
Event: 24.770 Thread 0x00007ffc4287d000 Exception <a 'java/lang/ArrayIndexOutOfBoundsException': -1> (0x0000000796217298) thrown at [/Users/java_re/workspace/8-2-build-macosx-x86_64/jdk8u45/3457/hotspot/src/share/vm/interpreter/interpreterRuntime.cpp, line 366]
Event: 24.770 Thread 0x00007ffc4287d000 Exception <a 'java/lang/ArrayIndexOutOfBoundsException': -1> (0x0000000796217608) thrown at [/Users/java_re/workspace/8-2-build-macosx-x86_64/jdk8u45/3457/hotspot/src/share/vm/interpreter/interpreterRuntime.cpp, line 366]
Event: 24.770 Thread 0x00007ffc4287d000 Exception <a 'java/lang/ArrayIndexOutOfBoundsException': -1> (0x0000000796217978) thrown at [/Users/java_re/workspace/8-2-build-macosx-x86_64/jdk8u45/3457/hotspot/src/share/vm/interpreter/interpreterRuntime.cpp, line 366]
Event: 24.770 Thread 0x00007ffc4287d000 Exception <a 'java/lang/ArrayIndexOutOfBoundsException': -1> (0x00000007962180e8) thrown at [/Users/java_re/workspace/8-2-build-macosx-x86_64/jdk8u45/3457/hotspot/src/share/vm/interpreter/interpreterRuntime.cpp, line 366]
Event: 28.315 Thread 0x00007ffc431dc000 Implicit null exception at 0x000000010c53ef8e to 0x000000010c53f8b1
Event: 28.383 Thread 0x00007ffc4287d000 Implicit null exception at 0x000000010c468e38 to 0x000000010c46902d
Event: 35.803 Thread 0x00007ffc431dc000 Implicit null exception at 0x000000010c5be266 to 0x000000010c5bf54d

Events (10 events):
Event: 69.053 Thread 0x00007ffc43801800 Thread exited: 0x00007ffc43801800
Event: 69.053 Thread 0x00007ffc4287d000 Thread added: 0x00007ffc4287d000
Event: 69.053 Thread 0x00007ffc431dc000 Thread exited: 0x00007ffc431dc000
Event: 69.053 loading class java/util/IdentityHashMap$KeySet
Event: 69.053 loading class java/util/IdentityHashMap$KeySet done
Event: 69.053 loading class java/util/IdentityHashMap$KeyIterator
Event: 69.053 loading class java/util/IdentityHashMap$IdentityHashMapIterator
Event: 69.053 loading class java/util/IdentityHashMap$IdentityHashMapIterator done
Event: 69.053 loading class java/util/IdentityHashMap$KeyIterator done
Event: 69.053 Thread 0x00007ffc4287d000 Thread exited: 0x00007ffc4287d000


Dynamic libraries:
0x0000000009f25000 	/System/Library/Frameworks/Cocoa.framework/Versions/A/Cocoa
0x0000000009f25000 	/System/Library/Frameworks/Security.framework/Versions/A/Security
0x0000000009f25000 	/System/Library/Frameworks/ApplicationServices.framework/Versions/A/ApplicationServices
0x0000000009f25000 	/usr/lib/libz.1.dylib
0x0000000009f25000 	/usr/lib/libSystem.B.dylib
0x0000000009f25000 	/usr/lib/libobjc.A.dylib
0x0000000009f25000 	/System/Library/Frameworks/CoreFoundation.framework/Versions/A/CoreFoundation
0x0000000009f25000 	/System/Library/Frameworks/Foundation.framework/Versions/C/Foundation
0x0000000009f25000 	/System/Library/Frameworks/AppKit.framework/Versions/C/AppKit
0x0000000009f25000 	/System/Library/Frameworks/CoreData.framework/Versions/A/CoreData
0x0000000009f25000 	/System/Library/PrivateFrameworks/RemoteViewServices.framework/Versions/A/RemoteViewServices
0x0000000009f25000 	/System/Library/PrivateFrameworks/UIFoundation.framework/Versions/A/UIFoundation
0x0000000009f25000 	/System/Library/Frameworks/IOSurface.framework/Versions/A/IOSurface
0x0000000009f25000 	/System/Library/Frameworks/AudioToolbox.framework/Versions/A/AudioToolbox
0x0000000009f25000 	/System/Library/Frameworks/AudioUnit.framework/Versions/A/AudioUnit
0x0000000009f25000 	/System/Library/PrivateFrameworks/DataDetectorsCore.framework/Versions/A/DataDetectorsCore
0x0000000009f25000 	/System/Library/PrivateFrameworks/DesktopServicesPriv.framework/Versions/A/DesktopServicesPriv
0x0000000009f25000 	/System/Library/Frameworks/Carbon.framework/Versions/A/Frameworks/HIToolbox.framework/Versions/A/HIToolbox
0x0000000009f25000 	/System/Library/Frameworks/QuartzCore.framework/Versions/A/QuartzCore
0x0000000009f25000 	/System/Library/Frameworks/Carbon.framework/Versions/A/Frameworks/SpeechRecognition.framework/Versions/A/SpeechRecognition
0x0000000009f25000 	/usr/lib/libauto.dylib
0x0000000009f25000 	/usr/lib/libicucore.A.dylib
0x0000000009f25000 	/usr/lib/libxml2.2.dylib
0x0000000009f25000 	/System/Library/PrivateFrameworks/CoreUI.framework/Versions/A/CoreUI
0x0000000009f25000 	/System/Library/Frameworks/CoreAudio.framework/Versions/A/CoreAudio
0x0000000009f25000 	/System/Library/Frameworks/DiskArbitration.framework/Versions/A/DiskArbitration
0x0000000009f25000 	/usr/lib/liblangid.dylib
0x0000000009f25000 	/System/Library/PrivateFrameworks/MultitouchSupport.framework/Versions/A/MultitouchSupport
0x0000000009f25000 	/System/Library/Frameworks/IOKit.framework/Versions/A/IOKit
0x0000000009f25000 	/usr/lib/libDiagnosticMessagesClient.dylib
0x0000000009f25000 	/System/Library/Frameworks/CoreServices.framework/Versions/A/CoreServices
0x0000000009f25000 	/System/Library/PrivateFrameworks/PerformanceAnalysis.framework/Versions/A/PerformanceAnalysis
0x0000000009f25000 	/System/Library/PrivateFrameworks/GenerationalStorage.framework/Versions/A/GenerationalStorage
0x0000000009f25000 	/System/Library/Frameworks/OpenGL.framework/Versions/A/OpenGL
0x0000000009f25000 	/System/Library/PrivateFrameworks/Sharing.framework/Versions/A/Sharing
0x0000000009f25000 	/System/Library/Frameworks/CoreGraphics.framework/Versions/A/CoreGraphics
0x0000000009f25000 	/System/Library/Frameworks/CoreText.framework/Versions/A/CoreText
0x0000000009f25000 	/System/Library/Frameworks/ImageIO.framework/Versions/A/ImageIO
0x0000000009f25000 	/usr/lib/libextension.dylib
0x0000000009f25000 	/System/Library/PrivateFrameworks/Backup.framework/Versions/A/Backup
0x0000000009f25000 	/usr/lib/libarchive.2.dylib
0x0000000009f25000 	/System/Library/Frameworks/CFNetwork.framework/Versions/A/CFNetwork
0x0000000009f25000 	/System/Library/Frameworks/SystemConfiguration.framework/Versions/A/SystemConfiguration
0x0000000009f25000 	/usr/lib/libCRFSuite.dylib
0x0000000009f25000 	/usr/lib/libc++.1.dylib
0x0000000009f25000 	/usr/lib/libc++abi.dylib
0x0000000009f25000 	/usr/lib/system/libcache.dylib
0x0000000009f25000 	/usr/lib/system/libcommonCrypto.dylib
0x0000000009f25000 	/usr/lib/system/libcompiler_rt.dylib
0x0000000009f25000 	/usr/lib/system/libcopyfile.dylib
0x0000000009f25000 	/usr/lib/system/libcorecrypto.dylib
0x0000000009f25000 	/usr/lib/system/libdispatch.dylib
0x0000000009f25000 	/usr/lib/system/libdyld.dylib
0x0000000009f25000 	/usr/lib/system/libkeymgr.dylib
0x0000000009f25000 	/usr/lib/system/liblaunch.dylib
0x0000000009f25000 	/usr/lib/system/libmacho.dylib
0x0000000009f25000 	/usr/lib/system/libquarantine.dylib
0x0000000009f25000 	/usr/lib/system/libremovefile.dylib
0x0000000009f25000 	/usr/lib/system/libsystem_asl.dylib
0x0000000009f25000 	/usr/lib/system/libsystem_blocks.dylib
0x0000000009f25000 	/usr/lib/system/libsystem_c.dylib
0x0000000009f25000 	/usr/lib/system/libsystem_configuration.dylib
0x0000000009f25000 	/usr/lib/system/libsystem_coreservices.dylib
0x0000000009f25000 	/usr/lib/system/libsystem_coretls.dylib
0x0000000009f25000 	/usr/lib/system/libsystem_dnssd.dylib
0x0000000009f25000 	/usr/lib/system/libsystem_info.dylib
0x0000000009f25000 	/usr/lib/system/libsystem_kernel.dylib
0x0000000009f25000 	/usr/lib/system/libsystem_m.dylib
0x0000000009f25000 	/usr/lib/system/libsystem_malloc.dylib
0x0000000009f25000 	/usr/lib/system/libsystem_network.dylib
0x0000000009f25000 	/usr/lib/system/libsystem_networkextension.dylib
0x0000000009f25000 	/usr/lib/system/libsystem_notify.dylib
0x0000000009f25000 	/usr/lib/system/libsystem_platform.dylib
0x0000000009f25000 	/usr/lib/system/libsystem_pthread.dylib
0x0000000009f25000 	/usr/lib/system/libsystem_sandbox.dylib
0x0000000009f25000 	/usr/lib/system/libsystem_secinit.dylib
0x0000000009f25000 	/usr/lib/system/libsystem_stats.dylib
0x0000000009f25000 	/usr/lib/system/libsystem_trace.dylib
0x0000000009f25000 	/usr/lib/system/libunc.dylib
0x0000000009f25000 	/usr/lib/system/libunwind.dylib
0x0000000009f25000 	/usr/lib/system/libxpc.dylib
0x0000000009f25000 	/usr/lib/libbz2.1.0.dylib
0x0000000009f25000 	/usr/lib/liblzma.5.dylib
0x0000000009f25000 	/usr/lib/libbsm.0.dylib
0x0000000009f25000 	/usr/lib/libsqlite3.dylib
0x0000000009f25000 	/usr/lib/system/libkxld.dylib
0x0000000009f25000 	/usr/lib/libxar.1.dylib
0x0000000009f25000 	/usr/lib/libpam.2.dylib
0x0000000009f25000 	/usr/lib/libOpenScriptingUtil.dylib
0x0000000009f25000 	/System/Library/Frameworks/CoreServices.framework/Versions/A/Frameworks/FSEvents.framework/Versions/A/FSEvents
0x0000000009f25000 	/System/Library/Frameworks/CoreServices.framework/Versions/A/Frameworks/CarbonCore.framework/Versions/A/CarbonCore
0x0000000009f25000 	/System/Library/Frameworks/CoreServices.framework/Versions/A/Frameworks/Metadata.framework/Versions/A/Metadata
0x0000000009f25000 	/System/Library/Frameworks/CoreServices.framework/Versions/A/Frameworks/OSServices.framework/Versions/A/OSServices
0x0000000009f25000 	/System/Library/Frameworks/CoreServices.framework/Versions/A/Frameworks/SearchKit.framework/Versions/A/SearchKit
0x0000000009f25000 	/System/Library/Frameworks/CoreServices.framework/Versions/A/Frameworks/AE.framework/Versions/A/AE
0x0000000009f25000 	/System/Library/Frameworks/CoreServices.framework/Versions/A/Frameworks/LaunchServices.framework/Versions/A/LaunchServices
0x0000000009f25000 	/System/Library/Frameworks/CoreServices.framework/Versions/A/Frameworks/DictionaryServices.framework/Versions/A/DictionaryServices
0x0000000009f25000 	/System/Library/Frameworks/NetFS.framework/Versions/A/NetFS
0x0000000009f25000 	/System/Library/PrivateFrameworks/NetAuth.framework/Versions/A/NetAuth
0x0000000009f25000 	/System/Library/PrivateFrameworks/login.framework/Versions/A/Frameworks/loginsupport.framework/Versions/A/loginsupport
0x0000000009f25000 	/System/Library/PrivateFrameworks/TCC.framework/Versions/A/TCC
0x0000000009f25000 	/usr/lib/libmecabra.dylib
0x0000000009f25000 	/System/Library/Frameworks/ApplicationServices.framework/Versions/A/Frameworks/ATS.framework/Versions/A/ATS
0x0000000009f25000 	/System/Library/Frameworks/ApplicationServices.framework/Versions/A/Frameworks/ColorSync.framework/Versions/A/ColorSync
0x0000000009f25000 	/System/Library/Frameworks/ApplicationServices.framework/Versions/A/Frameworks/HIServices.framework/Versions/A/HIServices
0x0000000009f25000 	/System/Library/Frameworks/ApplicationServices.framework/Versions/A/Frameworks/LangAnalysis.framework/Versions/A/LangAnalysis
0x0000000009f25000 	/System/Library/Frameworks/ApplicationServices.framework/Versions/A/Frameworks/PrintCore.framework/Versions/A/PrintCore
0x0000000009f25000 	/System/Library/Frameworks/ApplicationServices.framework/Versions/A/Frameworks/QD.framework/Versions/A/QD
0x0000000009f25000 	/System/Library/Frameworks/ApplicationServices.framework/Versions/A/Frameworks/SpeechSynthesis.framework/Versions/A/SpeechSynthesis
0x0000000009f25000 	/System/Library/Frameworks/Accelerate.framework/Versions/A/Accelerate
0x0000000009f25000 	/System/Library/Frameworks/Accelerate.framework/Versions/A/Frameworks/vImage.framework/Versions/A/vImage
0x0000000009f25000 	/System/Library/Frameworks/Accelerate.framework/Versions/A/Frameworks/vecLib.framework/Versions/A/vecLib
0x0000000009f25000 	/System/Library/Frameworks/Accelerate.framework/Versions/A/Frameworks/vecLib.framework/Versions/A/libvDSP.dylib
0x0000000009f25000 	/System/Library/Frameworks/Accelerate.framework/Versions/A/Frameworks/vecLib.framework/Versions/A/libvMisc.dylib
0x0000000009f25000 	/System/Library/Frameworks/Accelerate.framework/Versions/A/Frameworks/vecLib.framework/Versions/A/libLAPACK.dylib
0x0000000009f25000 	/System/Library/Frameworks/Accelerate.framework/Versions/A/Frameworks/vecLib.framework/Versions/A/libBLAS.dylib
0x0000000009f25000 	/System/Library/Frameworks/Accelerate.framework/Versions/A/Frameworks/vecLib.framework/Versions/A/libLinearAlgebra.dylib
0x0000000009f25000 	/System/Library/Frameworks/ApplicationServices.framework/Versions/A/Frameworks/ATS.framework/Versions/A/Resources/libFontParser.dylib
0x0000000009f25000 	/System/Library/Frameworks/ApplicationServices.framework/Versions/A/Frameworks/ATS.framework/Versions/A/Resources/libFontRegistry.dylib
0x0000000009f25000 	/System/Library/PrivateFrameworks/AppleVPA.framework/Versions/A/AppleVPA
0x0000000009f25000 	/System/Library/PrivateFrameworks/AppleJPEG.framework/Versions/A/AppleJPEG
0x0000000009f25000 	/System/Library/Frameworks/ImageIO.framework/Versions/A/Resources/libJPEG.dylib
0x0000000009f25000 	/System/Library/Frameworks/ImageIO.framework/Versions/A/Resources/libTIFF.dylib
0x0000000009f25000 	/System/Library/Frameworks/ImageIO.framework/Versions/A/Resources/libPng.dylib
0x0000000009f25000 	/System/Library/Frameworks/ImageIO.framework/Versions/A/Resources/libGIF.dylib
0x0000000009f25000 	/System/Library/Frameworks/ImageIO.framework/Versions/A/Resources/libJP2.dylib
0x0000000009f25000 	/System/Library/Frameworks/ImageIO.framework/Versions/A/Resources/libRadiance.dylib
0x0000000009f25000 	/System/Library/Frameworks/CoreVideo.framework/Versions/A/CoreVideo
0x0000000009f25000 	/System/Library/Frameworks/OpenGL.framework/Versions/A/Libraries/libGLU.dylib
0x0000000009f25000 	/System/Library/Frameworks/OpenGL.framework/Versions/A/Libraries/libGFXShared.dylib
0x0000000009f25000 	/System/Library/Frameworks/OpenGL.framework/Versions/A/Libraries/libGL.dylib
0x0000000009f25000 	/System/Library/Frameworks/OpenGL.framework/Versions/A/Libraries/libGLImage.dylib
0x0000000009f25000 	/System/Library/Frameworks/OpenGL.framework/Versions/A/Libraries/libCVMSPluginSupport.dylib
0x0000000009f25000 	/System/Library/Frameworks/OpenGL.framework/Versions/A/Libraries/libCoreVMClient.dylib
0x0000000009f25000 	/usr/lib/libcups.2.dylib
0x0000000009f25000 	/System/Library/Frameworks/Kerberos.framework/Versions/A/Kerberos
0x0000000009f25000 	/System/Library/Frameworks/GSS.framework/Versions/A/GSS
0x0000000009f25000 	/usr/lib/libresolv.9.dylib
0x0000000009f25000 	/usr/lib/libiconv.2.dylib
0x0000000009f25000 	/System/Library/PrivateFrameworks/Heimdal.framework/Versions/A/Heimdal
0x0000000009f25000 	/usr/lib/libheimdal-asn1.dylib
0x0000000009f25000 	/System/Library/Frameworks/OpenDirectory.framework/Versions/A/OpenDirectory
0x0000000009f25000 	/System/Library/PrivateFrameworks/CommonAuth.framework/Versions/A/CommonAuth
0x0000000009f25000 	/System/Library/Frameworks/OpenDirectory.framework/Versions/A/Frameworks/CFOpenDirectory.framework/Versions/A/CFOpenDirectory
0x0000000009f25000 	/System/Library/Frameworks/SecurityFoundation.framework/Versions/A/SecurityFoundation
0x0000000009f25000 	/System/Library/PrivateFrameworks/LanguageModeling.framework/Versions/A/LanguageModeling
0x0000000009f25000 	/usr/lib/libcmph.dylib
0x0000000009f25000 	/System/Library/Frameworks/ServiceManagement.framework/Versions/A/ServiceManagement
0x0000000009f25000 	/usr/lib/libxslt.1.dylib
0x0000000009f25000 	/System/Library/Frameworks/Carbon.framework/Versions/A/Frameworks/Ink.framework/Versions/A/Ink
0x0000000009f25000 	/System/Library/Frameworks/QuartzCore.framework/Versions/A/Frameworks/CoreImage.framework/Versions/A/CoreImage
0x0000000009f25000 	/System/Library/PrivateFrameworks/CrashReporterSupport.framework/Versions/A/CrashReporterSupport
0x0000000009f25000 	/System/Library/Frameworks/OpenCL.framework/Versions/A/OpenCL
0x0000000009f25000 	/System/Library/PrivateFrameworks/FaceCore.framework/Versions/A/FaceCore
0x0000000009f25000 	/System/Library/PrivateFrameworks/Ubiquity.framework/Versions/A/Ubiquity
0x0000000009f25000 	/System/Library/PrivateFrameworks/IconServices.framework/Versions/A/IconServices
0x0000000009f25000 	/System/Library/PrivateFrameworks/ChunkingLibrary.framework/Versions/A/ChunkingLibrary
0x0000000009f25000 	/System/Library/PrivateFrameworks/Apple80211.framework/Versions/A/Apple80211
0x0000000009f25000 	/System/Library/Frameworks/CoreWLAN.framework/Versions/A/CoreWLAN
0x0000000009f25000 	/System/Library/Frameworks/IOBluetooth.framework/Versions/A/IOBluetooth
0x0000000009f25000 	/System/Library/PrivateFrameworks/CoreWiFi.framework/Versions/A/CoreWiFi
0x0000000009f25000 	/System/Library/Frameworks/CoreBluetooth.framework/Versions/A/CoreBluetooth
0x0000000009f25000 	/System/Library/PrivateFrameworks/DebugSymbols.framework/Versions/A/DebugSymbols
0x0000000009f25000 	/System/Library/PrivateFrameworks/CoreSymbolication.framework/Versions/A/CoreSymbolication
0x0000000009f25000 	/System/Library/PrivateFrameworks/Symbolication.framework/Versions/A/Symbolication
0x0000000009f25000 	/System/Library/PrivateFrameworks/SpeechRecognitionCore.framework/Versions/A/SpeechRecognitionCore
0x000000010a0d9000 	/Library/Java/JavaVirtualMachines/jdk1.8.0_45.jdk/Contents/Home/jre/lib/server/libjvm.dylib
0x0000000009f25000 	/usr/lib/libstdc++.6.dylib
0x000000010b15c000 	/Library/Java/JavaVirtualMachines/jdk1.8.0_45.jdk/Contents/Home/jre/lib/libverify.dylib
0x000000010b16a000 	/Library/Java/JavaVirtualMachines/jdk1.8.0_45.jdk/Contents/Home/jre/lib/libjava.dylib
0x000000010b1a9000 	/Library/Java/JavaVirtualMachines/jdk1.8.0_45.jdk/Contents/Home/jre/lib/libzip.dylib
0x0000000121a2f000 	/System/Library/Frameworks/JavaVM.framework/Frameworks/JavaRuntimeSupport.framework/JavaRuntimeSupport
0x0000000121a47000 	/System/Library/Frameworks/JavaVM.framework/Versions/A/Frameworks/JavaNativeFoundation.framework/Versions/A/JavaNativeFoundation
0x0000000121a5c000 	/System/Library/Frameworks/JavaVM.framework/Versions/A/JavaVM
0x0000000009f25000 	/System/Library/Frameworks/Carbon.framework/Versions/A/Carbon
0x0000000121a69000 	/System/Library/PrivateFrameworks/JavaLaunching.framework/Versions/A/JavaLaunching
0x0000000009f25000 	/System/Library/Frameworks/Carbon.framework/Versions/A/Frameworks/CommonPanels.framework/Versions/A/CommonPanels
0x0000000009f25000 	/System/Library/Frameworks/Carbon.framework/Versions/A/Frameworks/Help.framework/Versions/A/Help
0x0000000009f25000 	/System/Library/Frameworks/Carbon.framework/Versions/A/Frameworks/ImageCapture.framework/Versions/A/ImageCapture
0x0000000009f25000 	/System/Library/Frameworks/Carbon.framework/Versions/A/Frameworks/OpenScripting.framework/Versions/A/OpenScripting
0x0000000009f25000 	/System/Library/Frameworks/Carbon.framework/Versions/A/Frameworks/Print.framework/Versions/A/Print
0x0000000009f25000 	/System/Library/Frameworks/Carbon.framework/Versions/A/Frameworks/SecurityHI.framework/Versions/A/SecurityHI
0x0000000123ab8000 	/Applications/IntelliJ IDEA 14.app/Contents/bin/libbreakgen64.jnilib
0x0000000123bbe000 	/Library/Java/JavaVirtualMachines/jdk1.8.0_45.jdk/Contents/Home/jre/lib/libnet.dylib
0x0000000123eb9000 	/Library/Java/JavaVirtualMachines/jdk1.8.0_45.jdk/Contents/Home/jre/lib/libprism_es2.dylib
0x0000000009f25000 	/System/Library/Frameworks/OpenGL.framework/Versions/A/Resources/GLEngine.bundle/GLEngine
0x0000000009f25000 	/System/Library/Frameworks/OpenGL.framework/Versions/A/Libraries/libGLProgrammability.dylib
0x0000000000000000 	/System/Library/Extensions/AppleIntelHD5000GraphicsGLDriver.bundle/Contents/MacOS/AppleIntelHD5000GraphicsGLDriver
0x0000000009f25000 	/System/Library/PrivateFrameworks/IOAccelerator.framework/Versions/A/IOAccelerator
0x0000000009f25000 	/System/Library/PrivateFrameworks/GPUSupport.framework/Versions/A/Libraries/libGPUSupportMercury.dylib
0x0000000009f25000 	/System/Library/Frameworks/OpenGL.framework/Versions/A/Resources/GLRendererFloat.bundle/GLRendererFloat
0x0000000009f25000 	/System/Library/Frameworks/OpenCL.framework/Versions/A/Libraries/libcldcpuengine.dylib
0x0000000009f25000 	/System/Library/PrivateFrameworks/DiskImages.framework/Versions/A/DiskImages
0x0000000009f25000 	/System/Library/Frameworks/DiscRecording.framework/Versions/A/DiscRecording
0x0000000009f25000 	/usr/lib/libcsfde.dylib
0x0000000009f25000 	/usr/lib/libcurl.4.dylib
0x0000000009f25000 	/System/Library/PrivateFrameworks/MediaKit.framework/Versions/A/MediaKit
0x0000000009f25000 	/System/Library/PrivateFrameworks/ProtectedCloudStorage.framework/Versions/A/ProtectedCloudStorage
0x0000000009f25000 	/usr/lib/libCoreStorage.dylib
0x0000000009f25000 	/System/Library/PrivateFrameworks/EFILogin.framework/Versions/A/EFILogin
0x0000000009f25000 	/usr/lib/libutil.dylib
0x0000000009f25000 	/System/Library/PrivateFrameworks/FindMyDevice.framework/Versions/A/FindMyDevice
0x0000000009f25000 	/System/Library/Frameworks/LDAP.framework/Versions/A/LDAP
0x0000000009f25000 	/usr/lib/libsasl2.2.dylib
0x0000000009f25000 	/System/Library/PrivateFrameworks/CoreDaemon.framework/Versions/B/CoreDaemon
0x0000000009f25000 	/usr/lib/libcrypto.0.9.8.dylib
0x0000000009f25000 	/System/Library/PrivateFrameworks/AppleSRP.framework/Versions/A/AppleSRP
0x0000000009f25000 	/System/Library/PrivateFrameworks/TrustEvaluationAgent.framework/Versions/A/TrustEvaluationAgent
0x000000012436b000 	/Library/Java/JavaVirtualMachines/jdk1.8.0_45.jdk/Contents/Home/jre/lib/libglass.dylib
0x0000000009f25000 	/System/Library/PrivateFrameworks/CoreServicesInternal.framework/Versions/A/CoreServicesInternal
0x0000000009f25000 	/System/Library/PrivateFrameworks/CloudDocs.framework/Versions/A/CloudDocs
0x0000000009f25000 	/System/Library/PrivateFrameworks/CoreDuet.framework/Versions/A/CoreDuet
0x0000000009f25000 	/System/Library/Frameworks/CloudKit.framework/Versions/A/CloudKit
0x0000000009f25000 	/System/Library/PrivateFrameworks/ProtocolBuffer.framework/Versions/A/ProtocolBuffer
0x0000000009f25000 	/System/Library/PrivateFrameworks/CoreDuetDaemonProtocol.framework/Versions/A/CoreDuetDaemonProtocol
0x0000000009f25000 	/System/Library/PrivateFrameworks/CoreDuetDebugLogging.framework/Versions/A/CoreDuetDebugLogging
0x0000000009f25000 	/System/Library/PrivateFrameworks/MMCS.framework/Versions/A/MMCS
0x0000000009f25000 	/System/Library/Frameworks/CoreLocation.framework/Versions/A/CoreLocation
0x0000000009f25000 	/System/Library/PrivateFrameworks/GeoServices.framework/Versions/A/GeoServices
0x0000000009f25000 	/System/Library/Frameworks/CoreGraphics.framework/Versions/A/Resources/libCGCMS.A.dylib
0x0000000009f25000 	/System/Library/CoreServices/RawCamera.bundle/Contents/MacOS/RawCamera
0x0000000009f25000 	/System/Library/Frameworks/CoreGraphics.framework/Versions/A/Resources/libRIP.A.dylib
0x0000000009f25000 	/System/Library/PrivateFrameworks/FamilyControls.framework/Versions/A/FamilyControls
0x0000000009f25000 	/System/Library/PrivateFrameworks/CommerceKit.framework/Versions/A/Frameworks/CommerceCore.framework/Versions/A/CommerceCore
0x0000000009f25000 	/System/Library/PrivateFrameworks/SystemAdministration.framework/Versions/A/SystemAdministration
0x0000000009f25000 	/System/Library/PrivateFrameworks/AppContainer.framework/Versions/A/AppContainer
0x0000000009f25000 	/System/Library/PrivateFrameworks/SecCodeWrapper.framework/Versions/A/SecCodeWrapper
0x0000000009f25000 	/System/Library/Frameworks/DirectoryService.framework/Versions/A/DirectoryService
0x0000000009f25000 	/System/Library/PrivateFrameworks/LoginUIKit.framework/Versions/A/Frameworks/LoginUICore.framework/Versions/A/LoginUICore
0x0000000009f25000 	/usr/lib/libodfde.dylib
0x0000000128119000 	/Library/Java/JavaVirtualMachines/jdk1.8.0_45.jdk/Contents/Home/jre/lib/libjavafx_font.dylib
0x0000000009f25000 	/System/Library/Frameworks/CoreGraphics.framework/Versions/A/Resources/libCGXType.A.dylib
0x0000000127cfa000 	cl_kernels
0x000000012a260000 	/System/Library/Frameworks/OpenCL.framework/Versions/A/Libraries/ImageFormats/unorm8_bgra.dylib
0x0000000127cec000 	cl_kernels
0x0000000128066000 	/Library/Java/JavaVirtualMachines/jdk1.8.0_45.jdk/Contents/Home/jre/lib/libprism_common.dylib

VM Arguments:
jvm_args: -Didea.launcher.port=7532 -Didea.launcher.bin.path=/Applications/IntelliJ IDEA 14.app/Contents/bin -Dfile.encoding=UTF-8 
java_command: com.intellij.rt.execution.application.AppMain Main
java_class_path (initial): /Library/Java/JavaVirtualMachines/jdk1.8.0_45.jdk/Contents/Home/lib/ant-javafx.jar:/Library/Java/JavaVirtualMachines/jdk1.8.0_45.jdk/Contents/Home/lib/dt.jar:/Library/Java/JavaVirtualMachines/jdk1.8.0_45.jdk/Contents/Home/lib/javafx-mx.jar:/Library/Java/JavaVirtualMachines/jdk1.8.0_45.jdk/Contents/Home/lib/jconsole.jar:/Library/Java/JavaVirtualMachines/jdk1.8.0_45.jdk/Contents/Home/lib/packager.jar:/Library/Java/JavaVirtualMachines/jdk1.8.0_45.jdk/Contents/Home/lib/sa-jdi.jar:/Library/Java/JavaVirtualMachines/jdk1.8.0_45.jdk/Contents/Home/lib/tools.jar:/Library/Java/JavaVirtualMachines/jdk1.8.0_45.jdk/Contents/Home/jre/lib/charsets.jar:/Library/Java/JavaVirtualMachines/jdk1.8.0_45.jdk/Contents/Home/jre/lib/deploy.jar:/Library/Java/JavaVirtualMachines/jdk1.8.0_45.jdk/Contents/Home/jre/lib/javaws.jar:/Library/Java/JavaVirtualMachines/jdk1.8.0_45.jdk/Contents/Home/jre/lib/jce.jar:/Library/Java/JavaVirtualMachines/jdk1.8.0_45.jdk/Contents/Home/jre/lib/jfr.jar:/Library/Java/JavaVirtualMachines/jdk1.8.0_45.jdk/Contents/Home/jre/lib/jfxswt.jar:/Library/Java/JavaVirtualMachines/jdk1.8.0_45.jdk/Contents/Home/jre/lib/jsse.jar:/Library/Java/JavaVirtualMachines/jdk1.8.0_45.jdk/Contents/Home/jre/lib/management-agent.jar:/Library/Java/JavaVirtualMachines/jdk1.8.0_45.jdk/Contents/Home/jre/lib/plugin.jar:/Library/Java/JavaVirtualMachines/jdk1.8.0_45.jdk/Contents/Home/jre/lib/resources.jar:/Library/Java/JavaVirtualMachines/jdk1.8.0_45.jdk/Contents/Home/jre/lib/rt.jar:/Library/Java/JavaVirtualMachines/jdk1.8.0_45.jdk/Contents/Home/jre/lib/ext/cldrdata.jar:/Library/Java/JavaVirtualMachines/jdk1.8.0_45.jdk/Contents/Home/jre/lib/ext/dnsns.jar:/Library/Java/JavaVirtualMachines/jdk1.8.0_45.jdk/Contents/Home/jre/lib/ext/jfxrt.jar:/Library/Java/JavaVirtualMachines/jdk1.8.0_45.jdk/Contents/Home/jre/lib/ext/localedata.jar:/Library/Java/JavaVirtualMachines/jdk1.8.0_45.jdk/Contents/Home/jre/lib/ext/nashorn.jar:/Library/Java/JavaVirtualMachines/jdk1.8.0_45.jdk/Conten
Launcher Type: SUN_STANDARD

Environment Variables:
PATH=/usr/local/bin:/usr/bin:/bin:/usr/sbin:/sbin:/usr/local/CrossPack-AVR/bin
SHELL=/bin/bash

Signal Handlers:
SIGSEGV: [libjvm.dylib+0x58ef95], sa_mask[0]=11111111011111110111111111111111, sa_flags=SA_ONSTACK|SA_RESTART|SA_SIGINFO
SIGBUS: [libjvm.dylib+0x58ef95], sa_mask[0]=11111111011111110111111111111111, sa_flags=SA_RESTART|SA_SIGINFO
SIGFPE: [libjvm.dylib+0x46c108], sa_mask[0]=11111111011111110111111111111111, sa_flags=SA_RESTART|SA_SIGINFO
SIGPIPE: [libjvm.dylib+0x46c108], sa_mask[0]=11111111011111110111111111111111, sa_flags=SA_RESTART|SA_SIGINFO
SIGXFSZ: [libjvm.dylib+0x46c108], sa_mask[0]=11111111011111110111111111111111, sa_flags=SA_RESTART|SA_SIGINFO
SIGILL: [libjvm.dylib+0x46c108], sa_mask[0]=11111111011111110111111111111111, sa_flags=SA_RESTART|SA_SIGINFO
SIGUSR1: SIG_DFL, sa_mask[0]=00000000000000000000000000000000, sa_flags=none
SIGUSR2: [libjvm.dylib+0x46bc26], sa_mask[0]=00100000000000000000000000000000, sa_flags=SA_RESTART|SA_SIGINFO
SIGHUP: [libjvm.dylib+0x46a1f9], sa_mask[0]=11111111011111110111111111111111, sa_flags=SA_RESTART|SA_SIGINFO
SIGINT: [libjvm.dylib+0x46a1f9], sa_mask[0]=11111111011111110111111111111111, sa_flags=SA_RESTART|SA_SIGINFO
SIGTERM: [libjvm.dylib+0x46a1f9], sa_mask[0]=11111111011111110111111111111111, sa_flags=SA_RESTART|SA_SIGINFO
SIGQUIT: [libjvm.dylib+0x46a1f9], sa_mask[0]=11111111011111110111111111111111, sa_flags=SA_RESTART|SA_SIGINFO


---------------  S Y S T E M  ---------------

OS:Bsduname:Darwin 14.3.0 Darwin Kernel Version 14.3.0: Mon Mar 23 11:59:05 PDT 2015; root:xnu-2782.20.48~5/RELEASE_X86_64 x86_64
rlimit: STACK 8192k, CORE 0k, NPROC 709, NOFILE 10240, AS infinity
load average:3.56 3.01 2.56

CPU:total 4 (2 cores per cpu, 2 threads per core) family 6 model 69 stepping 1, cmov, cx8, fxsr, mmx, sse, sse2, sse3, ssse3, sse4.1, sse4.2, popcnt, avx, avx2, aes, clmul, erms, lzcnt, ht, tsc, tscinvbit, bmi1, bmi2

Memory: 4k page, physical 8388608k(469084k free)

/proc/meminfo:


vm_info: Java HotSpot(TM) 64-Bit Server VM (25.45-b02) for bsd-amd64 JRE (1.8.0_45-b14), built on Apr 10 2015 10:46:38 by "java_re" with gcc 4.2.1 (Based on Apple Inc. build 5658) (LLVM build 2336.11.00)

time: Wed Aug 12 19:25:36 2015
elapsed time: 69 seconds (0d 0h 1m 9s)

